L 05/06/2021 - 21:16:36: Log file started (file "/L_06_05_2021.log") (version "2.5")
L 05/06/2021 - 21:16:36:   -> file: (../cstrike/models/player/ct_gign/ct_gign.vtf), exphash: (e977dd09), got: (e977dd09), typeFind: (exists), prevhash: (1434d845), (#73)(|BAR| who'is?), prevfile: (../cstrike/models/w_backpack.mdl), findathash: (null), md5hex: (9dd77e9), ex: (0)
L 05/06/2021 - 21:16:36:   -> file: (../cstrike/models/player/ct_gign/ct_gign_glass.vtf), exphash: (91af465c), got: (91af465c), typeFind: (exists), prevhash: (e977dd09), (#73)(|BAR| who'is?), prevfile: (../cstrike/models/player/ct_gign/ct_gign.vtf), findathash: (null), md5hex: (5c46af91), ex: (0)
L 05/06/2021 - 21:16:36:   -> file: (../cstrike/models/player/ct_gsg9/ct_gsg9.vtf), exphash: (e977dd09), got: (e977dd09), typeFind: (exists), prevhash: (91af465c), (#73)(|BAR| who'is?), prevfile: (../cstrike/models/player/ct_gign/ct_gign_glass.vtf), findathash: (../cstrike/models/player/ct_gign/ct_gign.vtf), md5hex: (9dd77e9), ex: (0)
L 05/06/2021 - 21:16:36:   -> file: (../cstrike/models/player/ct_sas/ct_sas.vtf), exphash: (771cf23b), got: (771cf23b), typeFind: (exists), prevhash: (e977dd09), (#73)(|BAR| who'is?), prevfile: (../cstrike/models/player/ct_gign/ct_gign.vtf), findathash: (null), md5hex: (3bf21c77), ex: (0)
L 05/06/2021 - 21:16:36:   -> file: (../cstrike/models/player/ct_sas/ct_sas_glass.vtf), exphash: (cc86a6fd), got: (cc86a6fd), typeFind: (exists), prevhash: (771cf23b), (#73)(|BAR| who'is?), prevfile: (../cstrike/models/player/ct_sas/ct_sas.vtf), findathash: (null), md5hex: (fda686cc), ex: (0)
L 05/06/2021 - 21:16:36:   -> file: (../cstrike/models/player/ct_sas/ct_sas_glass_spec.vtf), exphash: (5c7e9b2e), got: (5c7e9b2e), typeFind: (exists), prevhash: (cc86a6fd), (#73)(|BAR| who'is?), prevfile: (../cstrike/models/player/ct_sas/ct_sas_glass.vtf), findathash: (null), md5hex: (2e9b7e5c), ex: (0)
L 05/06/2021 - 21:16:36:   -> file: (../cstrike/models/player/ct_sas/ct_sas_normal.vtf), exphash: (c9ad876), got: (c9ad876), typeFind: (exists), prevhash: (5c7e9b2e), (#73)(|BAR| who'is?), prevfile: (../cstrike/models/player/ct_sas/ct_sas_glass_spec.vtf), findathash: (null), md5hex: (76d89a0c), ex: (0)
L 05/06/2021 - 21:16:36:   -> file: (../cstrike/models/player/ct_urban/ct_urban_height.vtf), exphash: (4d0d2b21), got: (4d0d2b21), typeFind: (exists), prevhash: (f4d46b2), (#73)(|BAR| who'is?), prevfile: (../cstrike/models/player/ct_urban/ct_urban_glass.vtf), findathash: (null), md5hex: (212b0d4d), ex: (0)
L 05/06/2021 - 21:16:36:   -> file: (../cstrike/models/player/gign/gign.mdl), exphash: (5d081df0), got: (5d081df0), typeFind: (exists), prevhash: (4d0d2b21), (#73)(|BAR| who'is?), prevfile: (../cstrike/models/player/ct_urban/ct_urban_height.vtf), findathash: (null), md5hex: (f01d085d), ex: (0)
L 05/06/2021 - 21:16:36:   -> file: (../cstrike/models/player/guerilla/guerilla.mdl), exphash: (4c4fe091), got: (4c4fe091), typeFind: (exists), prevhash: (5d081df0), (#73)(|BAR| who'is?), prevfile: (../cstrike/models/player/gign/gign.mdl), findathash: (null), md5hex: (91e04f4c), ex: (0)
L 05/06/2021 - 21:16:36:   -> file: (../cstrike/models/player/sas/sas.mdl), exphash: (5d081df0), got: (5d081df0), typeFind: (exists), prevhash: (4c4fe091), (#73)(|BAR| who'is?), prevfile: (../cstrike/models/player/guerilla/guerilla.mdl), findathash: (../cstrike/models/player/gign/gign.mdl), md5hex: (f01d085d), ex: (0)
L 05/06/2021 - 21:16:36:   -> file: (../cstrike/models/player/terror/terror.mdl), exphash: (4c4fe091), got: (4c4fe091), typeFind: (exists), prevhash: (5d081df0), (#73)(|BAR| who'is?), prevfile: (../cstrike/models/player/gign/gign.mdl), findathash: (../cstrike/models/player/guerilla/guerilla.mdl), md5hex: (91e04f4c), ex: (0)
L 05/06/2021 - 21:16:36:   -> file: (../cstrike/models/player/urban/urban.mdl), exphash: (5d081df0), got: (5d081df0), typeFind: (exists), prevhash: (4c4fe091), (#73)(|BAR| who'is?), prevfile: (../cstrike/models/player/guerilla/guerilla.mdl), findathash: (../cstrike/models/player/gign/gign.mdl), md5hex: (f01d085d), ex: (0)
L 05/06/2021 - 21:16:36:   -> file: (../cstrike/models/player/vip/vip.mdl), exphash: (859103e5), got: (859103e5), typeFind: (exists), prevhash: (5d081df0), (#73)(|BAR| who'is?), prevfile: (../cstrike/models/player/gign/gign.mdl), findathash: (null), md5hex: (e5039185), ex: (0)
L 05/06/2021 - 21:16:36:   -> file: (../cstrike/models/player/t_arctic/t_arctic.vtf), exphash: (b264ce5c), got: (b264ce5c), typeFind: (exists), prevhash: (859103e5), (#73)(|BAR| who'is?), prevfile: (../cstrike/models/player/vip/vip.mdl), findathash: (null), md5hex: (5cce64b2), ex: (0)
L 05/06/2021 - 21:16:36:   -> file: (../cstrike/models/player/t_guerilla/t_guerilla.vtf), exphash: (748e9095), got: (748e9095), typeFind: (exists), prevhash: (b264ce5c), (#73)(|BAR| who'is?), prevfile: (../cstrike/models/player/t_arctic/t_arctic.vtf), findathash: (null), md5hex: (95908e74), ex: (0)
L 05/06/2021 - 21:16:36:   -> file: (../cstrike/models/player/t_leet/t_leet.vtf), exphash: (74d18fee), got: (74d18fee), typeFind: (exists), prevhash: (748e9095), (#73)(|BAR| who'is?), prevfile: (../cstrike/models/player/t_guerilla/t_guerilla.vtf), findathash: (null), md5hex: (ee8fd174), ex: (0)
L 05/06/2021 - 21:16:36:   -> file: (../cstrike/models/player/t_leet/t_leet_glass.vtf), exphash: (b9be6912), got: (b9be6912), typeFind: (exists), prevhash: (74d18fee), (#73)(|BAR| who'is?), prevfile: (../cstrike/models/player/t_leet/t_leet.vtf), findathash: (null), md5hex: (1269beb9), ex: (0)
L 05/06/2021 - 21:16:36:   -> file: (../cstrike/models/player/t_leet/t_leet_glass_spec.vtf), exphash: (747c966), got: (747c966), typeFind: (exists), prevhash: (b9be6912), (#73)(|BAR| who'is?), prevfile: (../cstrike/models/player/t_leet/t_leet_glass.vtf), findathash: (null), md5hex: (66c94707), ex: (0)
L 05/06/2021 - 21:16:36:   -> file: (../cstrike/models/player/t_leet/t_leet_normal.vtf), exphash: (a302f33b), got: (a302f33b), typeFind: (exists), prevhash: (747c966), (#73)(|BAR| who'is?), prevfile: (../cstrike/models/player/t_leet/t_leet_glass_spec.vtf), findathash: (null), md5hex: (3bf302a3), ex: (0)
L 05/06/2021 - 21:16:36:   -> file: (../cstrike/models/player/t_phoenix/t_phoenix.vtf), exphash: (47be8ac4), got: (47be8ac4), typeFind: (exists), prevhash: (a302f33b), (#73)(|BAR| who'is?), prevfile: (../cstrike/models/player/t_leet/t_leet_normal.vtf), findathash: (null), md5hex: (c48abe47), ex: (0)
L 05/06/2021 - 21:16:36:   -> file: (../cstrike/models/player/t_terror/t_terror.vtf), exphash: (90d7cdb8), got: (90d7cdb8), typeFind: (exists), prevhash: (47be8ac4), (#73)(|BAR| who'is?), prevfile: (../cstrike/models/player/t_phoenix/t_phoenix.vtf), findathash: (null), md5hex: (b8cdd790), ex: (0)
L 05/06/2021 - 21:16:36:   -> file: (../cstrike/models/player/t_terror/t_terror_normal.vtf), exphash: (abf78752), got: (abf78752), typeFind: (exists), prevhash: (90d7cdb8), (#73)(|BAR| who'is?), prevfile: (../cstrike/models/player/t_terror/t_terror.vtf), findathash: (null), md5hex: (5287f7ab), ex: (0)
L 05/06/2021 - 21:16:36:   -> ExecuteCMD: (kick #73 "[Anti-Cheat] - UA Models Detected"), for (#73)(|BAR| who'is?)
L 05/06/2021 - 21:18:04:   -> file: (../cstrike/models/player/ct_gign/ct_gign.vtf), exphash: (e977dd09), got: (e977dd09), typeFind: (exists), prevhash: (1434d845), (#81)(|BAR| who'is?), prevfile: (../cstrike/models/w_backpack.mdl), findathash: (null), md5hex: (9dd77e9), ex: (0)
L 05/06/2021 - 21:18:04:   -> file: (../cstrike/models/player/ct_gign/ct_gign_glass.vtf), exphash: (91af465c), got: (91af465c), typeFind: (exists), prevhash: (e977dd09), (#81)(|BAR| who'is?), prevfile: (../cstrike/models/player/ct_gign/ct_gign.vtf), findathash: (null), md5hex: (5c46af91), ex: (0)
L 05/06/2021 - 21:18:04:   -> file: (../cstrike/models/player/ct_gsg9/ct_gsg9.vtf), exphash: (e977dd09), got: (e977dd09), typeFind: (exists), prevhash: (91af465c), (#81)(|BAR| who'is?), prevfile: (../cstrike/models/player/ct_gign/ct_gign_glass.vtf), findathash: (../cstrike/models/player/ct_gign/ct_gign.vtf), md5hex: (9dd77e9), ex: (0)
L 05/06/2021 - 21:18:04:   -> file: (../cstrike/models/player/ct_sas/ct_sas.vtf), exphash: (771cf23b), got: (771cf23b), typeFind: (exists), prevhash: (e977dd09), (#81)(|BAR| who'is?), prevfile: (../cstrike/models/player/ct_gign/ct_gign.vtf), findathash: (null), md5hex: (3bf21c77), ex: (0)
L 05/06/2021 - 21:18:04:   -> file: (../cstrike/models/player/ct_sas/ct_sas_glass.vtf), exphash: (cc86a6fd), got: (cc86a6fd), typeFind: (exists), prevhash: (771cf23b), (#81)(|BAR| who'is?), prevfile: (../cstrike/models/player/ct_sas/ct_sas.vtf), findathash: (null), md5hex: (fda686cc), ex: (0)
L 05/06/2021 - 21:18:04:   -> file: (../cstrike/models/player/ct_sas/ct_sas_glass_spec.vtf), exphash: (5c7e9b2e), got: (5c7e9b2e), typeFind: (exists), prevhash: (cc86a6fd), (#81)(|BAR| who'is?), prevfile: (../cstrike/models/player/ct_sas/ct_sas_glass.vtf), findathash: (null), md5hex: (2e9b7e5c), ex: (0)
L 05/06/2021 - 21:18:04:   -> file: (../cstrike/models/player/ct_sas/ct_sas_normal.vtf), exphash: (c9ad876), got: (c9ad876), typeFind: (exists), prevhash: (5c7e9b2e), (#81)(|BAR| who'is?), prevfile: (../cstrike/models/player/ct_sas/ct_sas_glass_spec.vtf), findathash: (null), md5hex: (76d89a0c), ex: (0)
L 05/06/2021 - 21:18:04:   -> file: (../cstrike/models/player/ct_urban/ct_urban_height.vtf), exphash: (4d0d2b21), got: (4d0d2b21), typeFind: (exists), prevhash: (f4d46b2), (#81)(|BAR| who'is?), prevfile: (../cstrike/models/player/ct_urban/ct_urban_glass.vtf), findathash: (null), md5hex: (212b0d4d), ex: (0)
L 05/06/2021 - 21:18:04:   -> file: (../cstrike/models/player/t_arctic/t_arctic.vtf), exphash: (b264ce5c), got: (b264ce5c), typeFind: (exists), prevhash: (43aea8dd), (#81)(|BAR| who'is?), prevfile: (../cstrike/models/player/vip/vip.mdl), findathash: (null), md5hex: (5cce64b2), ex: (0)
L 05/06/2021 - 21:18:04:   -> file: (../cstrike/models/player/t_guerilla/t_guerilla.vtf), exphash: (748e9095), got: (748e9095), typeFind: (exists), prevhash: (b264ce5c), (#81)(|BAR| who'is?), prevfile: (../cstrike/models/player/t_arctic/t_arctic.vtf), findathash: (null), md5hex: (95908e74), ex: (0)
L 05/06/2021 - 21:18:04:   -> file: (../cstrike/models/player/t_leet/t_leet.vtf), exphash: (74d18fee), got: (74d18fee), typeFind: (exists), prevhash: (748e9095), (#81)(|BAR| who'is?), prevfile: (../cstrike/models/player/t_guerilla/t_guerilla.vtf), findathash: (null), md5hex: (ee8fd174), ex: (0)
L 05/06/2021 - 21:18:04:   -> file: (../cstrike/models/player/t_leet/t_leet_glass.vtf), exphash: (b9be6912), got: (b9be6912), typeFind: (exists), prevhash: (74d18fee), (#81)(|BAR| who'is?), prevfile: (../cstrike/models/player/t_leet/t_leet.vtf), findathash: (null), md5hex: (1269beb9), ex: (0)
L 05/06/2021 - 21:18:04:   -> file: (../cstrike/models/player/t_leet/t_leet_glass_spec.vtf), exphash: (747c966), got: (747c966), typeFind: (exists), prevhash: (b9be6912), (#81)(|BAR| who'is?), prevfile: (../cstrike/models/player/t_leet/t_leet_glass.vtf), findathash: (null), md5hex: (66c94707), ex: (0)
L 05/06/2021 - 21:18:04:   -> file: (../cstrike/models/player/t_leet/t_leet_normal.vtf), exphash: (a302f33b), got: (a302f33b), typeFind: (exists), prevhash: (747c966), (#81)(|BAR| who'is?), prevfile: (../cstrike/models/player/t_leet/t_leet_glass_spec.vtf), findathash: (null), md5hex: (3bf302a3), ex: (0)
L 05/06/2021 - 21:18:04:   -> file: (../cstrike/models/player/t_phoenix/t_phoenix.vtf), exphash: (47be8ac4), got: (47be8ac4), typeFind: (exists), prevhash: (a302f33b), (#81)(|BAR| who'is?), prevfile: (../cstrike/models/player/t_leet/t_leet_normal.vtf), findathash: (null), md5hex: (c48abe47), ex: (0)
L 05/06/2021 - 21:18:04:   -> file: (../cstrike/models/player/t_terror/t_terror.vtf), exphash: (90d7cdb8), got: (90d7cdb8), typeFind: (exists), prevhash: (47be8ac4), (#81)(|BAR| who'is?), prevfile: (../cstrike/models/player/t_phoenix/t_phoenix.vtf), findathash: (null), md5hex: (b8cdd790), ex: (0)
L 05/06/2021 - 21:18:04:   -> file: (../cstrike/models/player/t_terror/t_terror_normal.vtf), exphash: (abf78752), got: (abf78752), typeFind: (exists), prevhash: (90d7cdb8), (#81)(|BAR| who'is?), prevfile: (../cstrike/models/player/t_terror/t_terror.vtf), findathash: (null), md5hex: (5287f7ab), ex: (0)
